<resultados>
	<mundos>
		<mundo nombre="mundo_0">
			<linea fila="11" compresionDeCeros="true">(2) 33 33 </linea>
			<linea fila="10" compresionDeCeros="true">(2) 30 30 30 30 </linea>
			<linea fila="9" compresionDeCeros="true">(2) 27 27 27 27 27 27 </linea>
			<linea fila="8" compresionDeCeros="true">(2) 24 24 24 24 24 24 24 24 </linea>
			<linea fila="7" compresionDeCeros="true">(2) 21 21 21 21 21 21 21 21 21 21 </linea>
			<linea fila="6" compresionDeCeros="true">(2) 18 18 18 18 18 18 18 18 18 18 18 18 </linea>
			<linea fila="5" compresionDeCeros="true">(2) 15 15 15 15 15 15 15 15 15 15 15 15 15 15 </linea>
			<linea fila="4" compresionDeCeros="true">(2) 12 12 12 12 12 12 12 12 12 12 12 12 12 12 12 12 </linea>
			<linea fila="3" compresionDeCeros="true">(2) 9 9 9 9 9 9 9 9 9 9 9 9 9 9 9 9 9 </linea>
			<linea fila="2" compresionDeCeros="true">(2) 6 6 6 6 6 6 6 6 6 6 6 6 6 6 6 6 6 </linea>
			<linea fila="1" compresionDeCeros="true">(1) 3 3 3 3 3 3 3 3 3 3 3 3 3 3 3 3 3 3 </linea>
		</mundo>
	</mundos>
	<programas>
		<programa nombre="p1" resultadoEjecucion="FIN PROGRAMA">
			<karel x="18" y="3"/>
		</programa>
	</programas>
</resultados>
