<resultados>
	<mundos>
		<mundo nombre="mundo_0">
			<linea fila="99" compresionDeCeros="true">(3) 198 198 </linea>
			<linea fila="98" compresionDeCeros="true">(3) 196 196 </linea>
			<linea fila="97" compresionDeCeros="true">(3) 194 194 </linea>
			<linea fila="96" compresionDeCeros="true">(3) 192 192 </linea>
			<linea fila="95" compresionDeCeros="true">(3) 190 190 </linea>
			<linea fila="94" compresionDeCeros="true">(3) 188 188 </linea>
			<linea fila="93" compresionDeCeros="true">(3) 186 186 </linea>
			<linea fila="92" compresionDeCeros="true">(3) 184 184 </linea>
			<linea fila="91" compresionDeCeros="true">(3) 182 182 </linea>
			<linea fila="90" compresionDeCeros="true">(3) 180 180 </linea>
			<linea fila="89" compresionDeCeros="true">(3) 178 178 </linea>
			<linea fila="88" compresionDeCeros="true">(3) 176 176 </linea>
			<linea fila="87" compresionDeCeros="true">(3) 174 174 </linea>
			<linea fila="86" compresionDeCeros="true">(3) 172 172 </linea>
			<linea fila="85" compresionDeCeros="true">(3) 170 170 </linea>
			<linea fila="84" compresionDeCeros="true">(3) 168 168 </linea>
			<linea fila="83" compresionDeCeros="true">(3) 166 166 </linea>
			<linea fila="82" compresionDeCeros="true">(3) 164 164 </linea>
			<linea fila="81" compresionDeCeros="true">(3) 162 162 </linea>
			<linea fila="80" compresionDeCeros="true">(3) 160 160 </linea>
			<linea fila="79" compresionDeCeros="true">(3) 158 158 </linea>
			<linea fila="78" compresionDeCeros="true">(3) 156 156 </linea>
			<linea fila="77" compresionDeCeros="true">(3) 154 154 </linea>
			<linea fila="76" compresionDeCeros="true">(3) 152 152 </linea>
			<linea fila="75" compresionDeCeros="true">(3) 150 150 </linea>
			<linea fila="74" compresionDeCeros="true">(3) 148 148 </linea>
			<linea fila="73" compresionDeCeros="true">(3) 146 146 </linea>
			<linea fila="72" compresionDeCeros="true">(3) 144 144 </linea>
			<linea fila="71" compresionDeCeros="true">(3) 142 142 </linea>
			<linea fila="70" compresionDeCeros="true">(3) 140 140 </linea>
			<linea fila="69" compresionDeCeros="true">(3) 138 138 </linea>
			<linea fila="68" compresionDeCeros="true">(3) 136 136 </linea>
			<linea fila="67" compresionDeCeros="true">(3) 134 134 </linea>
			<linea fila="66" compresionDeCeros="true">(3) 132 132 </linea>
			<linea fila="65" compresionDeCeros="true">(3) 130 130 </linea>
			<linea fila="64" compresionDeCeros="true">(3) 128 128 </linea>
			<linea fila="63" compresionDeCeros="true">(3) 126 126 </linea>
			<linea fila="62" compresionDeCeros="true">(3) 124 124 </linea>
			<linea fila="61" compresionDeCeros="true">(3) 122 122 </linea>
			<linea fila="60" compresionDeCeros="true">(3) 120 120 </linea>
			<linea fila="59" compresionDeCeros="true">(3) 118 118 </linea>
			<linea fila="58" compresionDeCeros="true">(3) 116 116 </linea>
			<linea fila="57" compresionDeCeros="true">(3) 114 114 </linea>
			<linea fila="56" compresionDeCeros="true">(3) 112 112 </linea>
			<linea fila="55" compresionDeCeros="true">(3) 110 110 </linea>
			<linea fila="54" compresionDeCeros="true">(3) 108 108 </linea>
			<linea fila="53" compresionDeCeros="true">(3) 106 106 </linea>
			<linea fila="52" compresionDeCeros="true">(3) 104 104 </linea>
			<linea fila="51" compresionDeCeros="true">(3) 102 102 </linea>
			<linea fila="50" compresionDeCeros="true">(3) 100 100 </linea>
			<linea fila="49" compresionDeCeros="true">(3) 98 98 </linea>
			<linea fila="48" compresionDeCeros="true">(3) 96 96 </linea>
			<linea fila="47" compresionDeCeros="true">(3) 94 94 </linea>
			<linea fila="46" compresionDeCeros="true">(3) 92 92 </linea>
			<linea fila="45" compresionDeCeros="true">(3) 90 90 </linea>
			<linea fila="44" compresionDeCeros="true">(3) 88 88 </linea>
			<linea fila="43" compresionDeCeros="true">(3) 86 86 </linea>
			<linea fila="42" compresionDeCeros="true">(3) 84 84 </linea>
			<linea fila="41" compresionDeCeros="true">(3) 82 82 </linea>
			<linea fila="40" compresionDeCeros="true">(3) 80 80 </linea>
			<linea fila="39" compresionDeCeros="true">(3) 78 78 </linea>
			<linea fila="38" compresionDeCeros="true">(3) 76 76 </linea>
			<linea fila="37" compresionDeCeros="true">(3) 74 74 </linea>
			<linea fila="36" compresionDeCeros="true">(3) 72 72 </linea>
			<linea fila="35" compresionDeCeros="true">(3) 70 70 </linea>
			<linea fila="34" compresionDeCeros="true">(3) 68 68 </linea>
			<linea fila="33" compresionDeCeros="true">(3) 66 66 </linea>
			<linea fila="32" compresionDeCeros="true">(3) 64 64 </linea>
			<linea fila="31" compresionDeCeros="true">(3) 62 62 </linea>
			<linea fila="30" compresionDeCeros="true">(3) 60 60 </linea>
			<linea fila="29" compresionDeCeros="true">(3) 58 58 </linea>
			<linea fila="28" compresionDeCeros="true">(3) 56 56 </linea>
			<linea fila="27" compresionDeCeros="true">(3) 54 54 </linea>
			<linea fila="26" compresionDeCeros="true">(3) 52 52 </linea>
			<linea fila="25" compresionDeCeros="true">(3) 50 50 </linea>
			<linea fila="24" compresionDeCeros="true">(3) 48 48 </linea>
			<linea fila="23" compresionDeCeros="true">(3) 46 46 </linea>
			<linea fila="22" compresionDeCeros="true">(3) 44 44 </linea>
			<linea fila="21" compresionDeCeros="true">(3) 42 42 </linea>
			<linea fila="20" compresionDeCeros="true">(3) 40 40 </linea>
			<linea fila="19" compresionDeCeros="true">(3) 38 38 </linea>
			<linea fila="18" compresionDeCeros="true">(3) 36 36 </linea>
			<linea fila="17" compresionDeCeros="true">(3) 34 34 </linea>
			<linea fila="16" compresionDeCeros="true">(3) 32 32 </linea>
			<linea fila="15" compresionDeCeros="true">(3) 30 30 </linea>
			<linea fila="14" compresionDeCeros="true">(3) 28 28 </linea>
			<linea fila="13" compresionDeCeros="true">(3) 26 26 </linea>
			<linea fila="12" compresionDeCeros="true">(3) 24 24 </linea>
			<linea fila="11" compresionDeCeros="true">(3) 22 22 </linea>
			<linea fila="10" compresionDeCeros="true">(3) 20 20 </linea>
			<linea fila="9" compresionDeCeros="true">(3) 18 18 </linea>
			<linea fila="8" compresionDeCeros="true">(3) 16 16 </linea>
			<linea fila="7" compresionDeCeros="true">(3) 14 14 </linea>
			<linea fila="6" compresionDeCeros="true">(3) 12 12 </linea>
			<linea fila="5" compresionDeCeros="true">(3) 10 10 </linea>
			<linea fila="4" compresionDeCeros="true">(3) 8 8 </linea>
			<linea fila="3" compresionDeCeros="true">(3) 6 6 </linea>
			<linea fila="2" compresionDeCeros="true">(3) 4 4 </linea>
			<linea fila="1" compresionDeCeros="true">(1) 2 2 2 2 2 2 </linea>
		</mundo>
	</mundos>
	<programas>
		<programa nombre="p1" resultadoEjecucion="FIN PROGRAMA">
			<karel x="6" y="1"/>
		</programa>
	</programas>
</resultados>
