<resultados>
	<mundos>
		<mundo nombre="mundo_0">
			<linea fila="11" compresionDeCeros="true">(10) 462 462 </linea>
			<linea fila="10" compresionDeCeros="true">(10) 420 </linea>
			<linea fila="9" compresionDeCeros="true">(10) 378 </linea>
			<linea fila="8" compresionDeCeros="true">(10) 336 </linea>
			<linea fila="7" compresionDeCeros="true">(10) 294 </linea>
			<linea fila="6" compresionDeCeros="true">(10) 252 </linea>
			<linea fila="5" compresionDeCeros="true">(10) 210 </linea>
			<linea fila="4" compresionDeCeros="true">(2) 168 168 168 </linea>
			<linea fila="3" compresionDeCeros="true">(2) 126 126 126 </linea>
			<linea fila="2" compresionDeCeros="true">(2) 84 84 84 </linea>
			<linea fila="1" compresionDeCeros="true">(1) 42 42 42 42 42 42 42 42 42 42 </linea>
		</mundo>
	</mundos>
	<programas>
		<programa nombre="p1" resultadoEjecucion="FIN PROGRAMA">
			<karel x="11" y="11"/>
		</programa>
	</programas>
</resultados>
